Unity project/Library/Bee/Android/Prj/IL2CPP/Gradle/unityLibrary/build/intermediates/manifest_merge_blame_file/release/manifest-merger-blame-release-report.txt
1<?xml version="1.0" encoding="utf-8"?>
2<manifest xmlns:android="http://schemas.android.com/apk/res/android"
3    xmlns:tools="http://schemas.android.com/tools"
4    package="com.unity3d.player" >
5
6    <uses-sdk
7        android:minSdkVersion="23"
7-->src\main\AndroidManifest.xml
8        android:targetSdkVersion="32" />
8-->src\main\AndroidManifest.xml
9
10    <uses-permission android:name="android.permission.INTERNET" />
10-->src\main\AndroidManifest.xml:3:3-65
10-->src\main\AndroidManifest.xml:3:20-62
11
12    <uses-feature android:glEsVersion="0x00030000" />
12-->src\main\AndroidManifest.xml:4:3-52
12-->src\main\AndroidManifest.xml:4:17-49
13    <uses-feature
13-->src\main\AndroidManifest.xml:5:3-91
14        android:name="android.hardware.vulkan.version"
14-->src\main\AndroidManifest.xml:5:17-63
15        android:required="false" />
15-->src\main\AndroidManifest.xml:5:64-88
16    <uses-feature
16-->src\main\AndroidManifest.xml:6:3-88
17        android:name="android.hardware.touchscreen"
17-->src\main\AndroidManifest.xml:6:17-60
18        android:required="false" />
18-->src\main\AndroidManifest.xml:6:61-85
19    <uses-feature
19-->src\main\AndroidManifest.xml:7:3-99
20        android:name="android.hardware.touchscreen.multitouch"
20-->src\main\AndroidManifest.xml:7:17-71
21        android:required="false" />
21-->src\main\AndroidManifest.xml:7:72-96
22    <uses-feature
22-->src\main\AndroidManifest.xml:8:3-108
23        android:name="android.hardware.touchscreen.multitouch.distinct"
23-->src\main\AndroidManifest.xml:8:17-80
24        android:required="false" />
24-->src\main\AndroidManifest.xml:8:81-105
25
26    <uses-permission android:name="com.oculus.permission.HAND_TRACKING" />
26-->src\main\AndroidManifest.xml:25:3-73
26-->src\main\AndroidManifest.xml:25:20-70
27
28    <uses-feature
28-->src\main\AndroidManifest.xml:26:3-88
29        android:name="oculus.software.handtracking"
29-->src\main\AndroidManifest.xml:26:17-60
30        android:required="false" />
30-->src\main\AndroidManifest.xml:26:61-85
31
32    <application android:extractNativeLibs="true" >
32-->src\main\AndroidManifest.xml:9:3-24:17
32-->src\main\AndroidManifest.xml:9:16-48
33        <meta-data
33-->src\main\AndroidManifest.xml:10:5-69
34            android:name="unity.splash-mode"
34-->src\main\AndroidManifest.xml:10:16-48
35            android:value="0" />
35-->src\main\AndroidManifest.xml:10:49-66
36        <meta-data
36-->src\main\AndroidManifest.xml:11:5-74
37            android:name="unity.splash-enable"
37-->src\main\AndroidManifest.xml:11:16-50
38            android:value="True" />
38-->src\main\AndroidManifest.xml:11:51-71
39        <meta-data
39-->src\main\AndroidManifest.xml:12:5-78
40            android:name="unity.launch-fullscreen"
40-->src\main\AndroidManifest.xml:12:16-54
41            android:value="True" />
41-->src\main\AndroidManifest.xml:12:55-75
42        <meta-data
42-->src\main\AndroidManifest.xml:13:5-81
43            android:name="notch.config"
43-->src\main\AndroidManifest.xml:13:16-43
44            android:value="portrait|landscape" />
44-->src\main\AndroidManifest.xml:13:44-78
45        <meta-data
45-->src\main\AndroidManifest.xml:14:5-84
46            android:name="unity.auto-report-fully-drawn"
46-->src\main\AndroidManifest.xml:14:16-60
47            android:value="true" />
47-->src\main\AndroidManifest.xml:14:61-81
48
49        <activity
49-->src\main\AndroidManifest.xml:15:5-23:16
50            android:name="com.unity3d.player.UnityPlayerActivity"
50-->src\main\AndroidManifest.xml:15:15-68
51            android:configChanges="mcc|mnc|locale|touchscreen|keyboard|keyboardHidden|navigation|orientation|screenLayout|uiMode|screenSize|smallestScreenSize|fontScale|layoutDirection|density"
51-->src\main\AndroidManifest.xml:15:180-361
52            android:exported="true"
52-->src\main\AndroidManifest.xml:15:433-456
53            android:hardwareAccelerated="false"
53-->src\main\AndroidManifest.xml:15:397-432
54            android:launchMode="singleTask"
54-->src\main\AndroidManifest.xml:15:148-179
55            android:resizeableActivity="false"
55-->src\main\AndroidManifest.xml:15:362-396
56            android:screenOrientation="fullUser"
56-->src\main\AndroidManifest.xml:15:111-147
57            android:theme="@style/UnityThemeSelector" >
57-->src\main\AndroidManifest.xml:15:69-110
58            <intent-filter>
58-->src\main\AndroidManifest.xml:16:7-20:23
59                <category android:name="android.intent.category.LAUNCHER" />
59-->src\main\AndroidManifest.xml:17:9-69
59-->src\main\AndroidManifest.xml:17:19-66
60
61                <action android:name="android.intent.action.MAIN" />
61-->src\main\AndroidManifest.xml:18:9-61
61-->src\main\AndroidManifest.xml:18:17-58
62
63                <category android:name="com.oculus.intent.category.VR" />
63-->src\main\AndroidManifest.xml:19:9-66
63-->src\main\AndroidManifest.xml:19:19-63
64            </intent-filter>
65
66            <meta-data
66-->src\main\AndroidManifest.xml:21:7-82
67                android:name="unityplayer.UnityActivity"
67-->src\main\AndroidManifest.xml:21:18-58
68                android:value="true" />
68-->src\main\AndroidManifest.xml:21:59-79
69            <meta-data
69-->src\main\AndroidManifest.xml:22:7-70
70                android:name="notch_support"
70-->src\main\AndroidManifest.xml:22:18-46
71                android:value="true" />
71-->src\main\AndroidManifest.xml:22:47-67
72        </activity>
73    </application>
74
75</manifest>